build/app/intermediates/manifest_merge_blame_file/release/manifest-merger-blame-release-report.txt
1<?xml version="1.0" encoding="utf-8"?>
2<manifest xmlns:android="http://schemas.android.com/apk/res/android"
3    package="com.on.entreprise.on_mobile"
4    android:versionCode="1"
5    android:versionName="1.0.0" >
6
7    <uses-sdk
8        android:minSdkVersion="19"
8-->src/main/AndroidManifest.xml
9        android:targetSdkVersion="31" />
9-->src/main/AndroidManifest.xml
10
11    <queries>
11-->[:contacts_service] AndroidManifest.xml:11:5-24:15
12        <intent>
12-->[:contacts_service] AndroidManifest.xml:12:9-14:18
13            <action android:name="android.accounts.AccountAuthenticator" />
13-->[:contacts_service] AndroidManifest.xml:13:13-76
13-->[:contacts_service] AndroidManifest.xml:13:21-73
14        </intent>
15        <!-- Allows the app to load an icon corresponding to the custom MIME type. -->
16        <intent>
16-->[:contacts_service] AndroidManifest.xml:16:9-23:18
17            <action android:name="android.intent.action.VIEW" />
17-->[:contacts_service] AndroidManifest.xml:17:13-65
17-->[:contacts_service] AndroidManifest.xml:17:21-62
18
19            <data
19-->[:contacts_service] AndroidManifest.xml:19:13-22:44
20                android:host="com.android.contacts"
20-->[:contacts_service] AndroidManifest.xml:20:17-52
21                android:mimeType="vnd.android.cursor.item/*"
21-->[:contacts_service] AndroidManifest.xml:21:17-61
22                android:scheme="content" />
22-->[:contacts_service] AndroidManifest.xml:22:17-41
23        </intent>
24    </queries>
25
26    <uses-permission android:name="android.permission.INTERNET" />
26-->[com.google.firebase:firebase-auth:21.0.3] AndroidManifest.xml:23:5-67
26-->[com.google.firebase:firebase-auth:21.0.3] AndroidManifest.xml:23:22-64
27    <uses-permission android:name="android.permission.ACCESS_NETWORK_STATE" />
27-->[com.google.firebase:firebase-auth:21.0.3] AndroidManifest.xml:24:5-79
27-->[com.google.firebase:firebase-auth:21.0.3] AndroidManifest.xml:24:22-76
28
29    <application
30        android:name="android.app.Application"
30-->src/main/AndroidManifest.xml:5:9-42
31        android:appComponentFactory="androidx.core.app.CoreComponentFactory"
31-->[androidx.core:core:1.6.0] AndroidManifest.xml:24:18-86
32        android:icon="@mipmap/launcher_icon"
32-->src/main/AndroidManifest.xml:6:9-45
33        android:label="On Mobile" >
33-->src/main/AndroidManifest.xml:4:9-34
34        <activity
34-->src/main/AndroidManifest.xml:7:9-27:20
35            android:name="com.on.entreprise.on_mobile.MainActivity"
35-->src/main/AndroidManifest.xml:8:13-41
36            android:configChanges="orientation|keyboardHidden|keyboard|screenSize|smallestScreenSize|locale|layoutDirection|fontScale|screenLayout|density|uiMode"
36-->src/main/AndroidManifest.xml:12:13-163
37            android:exported="true"
37-->src/main/AndroidManifest.xml:9:13-36
38            android:hardwareAccelerated="true"
38-->src/main/AndroidManifest.xml:13:13-47
39            android:launchMode="singleTop"
39-->src/main/AndroidManifest.xml:10:13-43
40            android:theme="@style/LaunchTheme"
40-->src/main/AndroidManifest.xml:11:13-47
41            android:windowSoftInputMode="adjustResize" >
41-->src/main/AndroidManifest.xml:14:13-55
42
43            <!--
44                 Specifies an Android theme to apply to this Activity as soon as
45                 the Android process has started. This theme is visible to the user
46                 while the Flutter UI initializes. After that, this theme continues
47                 to determine the Window background behind the Flutter UI.
48            -->
49            <meta-data
49-->src/main/AndroidManifest.xml:19:13-22:17
50                android:name="io.flutter.embedding.android.NormalTheme"
50-->src/main/AndroidManifest.xml:20:15-70
51                android:resource="@style/NormalTheme" />
51-->src/main/AndroidManifest.xml:21:15-52
52
53            <intent-filter>
53-->src/main/AndroidManifest.xml:23:13-26:29
54                <action android:name="android.intent.action.MAIN" />
54-->src/main/AndroidManifest.xml:24:17-68
54-->src/main/AndroidManifest.xml:24:25-66
55
56                <category android:name="android.intent.category.LAUNCHER" />
56-->src/main/AndroidManifest.xml:25:17-76
56-->src/main/AndroidManifest.xml:25:27-74
57            </intent-filter>
58        </activity>
59        <!--
60             Don't delete the meta-data below.
61             This is used by the Flutter tool to generate GeneratedPluginRegistrant.java
62        -->
63        <meta-data
63-->src/main/AndroidManifest.xml:30:9-32:33
64            android:name="flutterEmbedding"
64-->src/main/AndroidManifest.xml:31:13-44
65            android:value="2" />
65-->src/main/AndroidManifest.xml:32:13-30
66
67        <service
67-->[:firebase_auth] AndroidManifest.xml:8:9-12:19
68            android:name="com.google.firebase.components.ComponentDiscoveryService"
68-->[:firebase_auth] AndroidManifest.xml:8:18-89
69            android:directBootAware="true"
69-->[com.google.firebase:firebase-common:20.1.0] AndroidManifest.xml:35:13-43
70            android:exported="false" >
70-->[com.google.firebase:firebase-auth:21.0.3] AndroidManifest.xml:66:13-37
71            <meta-data
71-->[:firebase_auth] AndroidManifest.xml:9:13-11:85
72                android:name="com.google.firebase.components:io.flutter.plugins.firebase.auth.FlutterFirebaseAuthRegistrar"
72-->[:firebase_auth] AndroidManifest.xml:10:17-124
73                android:value="com.google.firebase.components.ComponentRegistrar" />
73-->[:firebase_auth] AndroidManifest.xml:11:17-82
74            <meta-data
74-->[:firebase_storage] AndroidManifest.xml:9:13-11:85
75                android:name="com.google.firebase.components:io.flutter.plugins.firebase.storage.FlutterFirebaseAppRegistrar"
75-->[:firebase_storage] AndroidManifest.xml:10:17-126
76                android:value="com.google.firebase.components.ComponentRegistrar" />
76-->[:firebase_storage] AndroidManifest.xml:11:17-82
77            <meta-data
77-->[:cloud_firestore] AndroidManifest.xml:9:13-11:85
78                android:name="com.google.firebase.components:io.flutter.plugins.firebase.firestore.FlutterFirebaseFirestoreRegistrar"
78-->[:cloud_firestore] AndroidManifest.xml:10:17-134
79                android:value="com.google.firebase.components.ComponentRegistrar" />
79-->[:cloud_firestore] AndroidManifest.xml:11:17-82
80            <meta-data
80-->[:firebase_core] AndroidManifest.xml:9:13-11:85
81                android:name="com.google.firebase.components:io.flutter.plugins.firebase.core.FlutterFirebaseCoreRegistrar"
81-->[:firebase_core] AndroidManifest.xml:10:17-124
82                android:value="com.google.firebase.components.ComponentRegistrar" />
82-->[:firebase_core] AndroidManifest.xml:11:17-82
83            <meta-data
83-->[com.google.firebase:firebase-auth:21.0.3] AndroidManifest.xml:67:13-69:85
84                android:name="com.google.firebase.components:com.google.firebase.auth.FirebaseAuthRegistrar"
84-->[com.google.firebase:firebase-auth:21.0.3] AndroidManifest.xml:68:17-109
85                android:value="com.google.firebase.components.ComponentRegistrar" />
85-->[com.google.firebase:firebase-auth:21.0.3] AndroidManifest.xml:69:17-82
86            <meta-data
86-->[com.google.firebase:firebase-firestore:24.1.0] AndroidManifest.xml:20:13-22:85
87                android:name="com.google.firebase.components:com.google.firebase.firestore.FirestoreRegistrar"
87-->[com.google.firebase:firebase-firestore:24.1.0] AndroidManifest.xml:21:17-111
88                android:value="com.google.firebase.components.ComponentRegistrar" />
88-->[com.google.firebase:firebase-firestore:24.1.0] AndroidManifest.xml:22:17-82
89            <meta-data
89-->[com.google.firebase:firebase-storage:20.0.1] AndroidManifest.xml:33:13-35:85
90                android:name="com.google.firebase.components:com.google.firebase.storage.StorageRegistrar"
90-->[com.google.firebase:firebase-storage:20.0.1] AndroidManifest.xml:34:17-107
91                android:value="com.google.firebase.components.ComponentRegistrar" />
91-->[com.google.firebase:firebase-storage:20.0.1] AndroidManifest.xml:35:17-82
92        </service>
93
94        <provider
94-->[:image_picker_android] AndroidManifest.xml:8:9-16:20
95            android:name="io.flutter.plugins.imagepicker.ImagePickerFileProvider"
95-->[:image_picker_android] AndroidManifest.xml:9:13-82
96            android:authorities="com.on.entreprise.on_mobile.flutter.image_provider"
96-->[:image_picker_android] AndroidManifest.xml:10:13-74
97            android:exported="false"
97-->[:image_picker_android] AndroidManifest.xml:11:13-37
98            android:grantUriPermissions="true" >
98-->[:image_picker_android] AndroidManifest.xml:12:13-47
99            <meta-data
99-->[:image_picker_android] AndroidManifest.xml:13:13-15:75
100                android:name="android.support.FILE_PROVIDER_PATHS"
100-->[:image_picker_android] AndroidManifest.xml:14:17-67
101                android:resource="@xml/flutter_image_picker_file_paths" />
101-->[:image_picker_android] AndroidManifest.xml:15:17-72
102        </provider>
103
104        <uses-library
104-->[androidx.window:window:1.0.0-beta04] AndroidManifest.xml:25:9-27:40
105            android:name="androidx.window.extensions"
105-->[androidx.window:window:1.0.0-beta04] AndroidManifest.xml:26:13-54
106            android:required="false" />
106-->[androidx.window:window:1.0.0-beta04] AndroidManifest.xml:27:13-37
107        <uses-library
107-->[androidx.window:window:1.0.0-beta04] AndroidManifest.xml:28:9-30:40
108            android:name="androidx.window.sidecar"
108-->[androidx.window:window:1.0.0-beta04] AndroidManifest.xml:29:13-51
109            android:required="false" />
109-->[androidx.window:window:1.0.0-beta04] AndroidManifest.xml:30:13-37
110
111        <activity
111-->[com.google.firebase:firebase-auth:21.0.3] AndroidManifest.xml:27:9-44:20
112            android:name="com.google.firebase.auth.internal.GenericIdpActivity"
112-->[com.google.firebase:firebase-auth:21.0.3] AndroidManifest.xml:28:13-80
113            android:excludeFromRecents="true"
113-->[com.google.firebase:firebase-auth:21.0.3] AndroidManifest.xml:29:13-46
114            android:exported="true"
114-->[com.google.firebase:firebase-auth:21.0.3] AndroidManifest.xml:30:13-36
115            android:launchMode="singleTask"
115-->[com.google.firebase:firebase-auth:21.0.3] AndroidManifest.xml:31:13-44
116            android:theme="@android:style/Theme.Translucent.NoTitleBar" >
116-->[com.google.firebase:firebase-auth:21.0.3] AndroidManifest.xml:32:13-72
117            <intent-filter>
117-->[com.google.firebase:firebase-auth:21.0.3] AndroidManifest.xml:33:13-43:29
118                <action android:name="android.intent.action.VIEW" />
118-->[:contacts_service] AndroidManifest.xml:17:13-65
118-->[:contacts_service] AndroidManifest.xml:17:21-62
119
120                <category android:name="android.intent.category.DEFAULT" />
120-->[com.google.firebase:firebase-auth:21.0.3] AndroidManifest.xml:36:17-76
120-->[com.google.firebase:firebase-auth:21.0.3] AndroidManifest.xml:36:27-73
121                <category android:name="android.intent.category.BROWSABLE" />
121-->[com.google.firebase:firebase-auth:21.0.3] AndroidManifest.xml:37:17-78
121-->[com.google.firebase:firebase-auth:21.0.3] AndroidManifest.xml:37:27-75
122
123                <data
123-->[:contacts_service] AndroidManifest.xml:19:13-22:44
124                    android:host="firebase.auth"
124-->[:contacts_service] AndroidManifest.xml:20:17-52
125                    android:path="/"
126                    android:scheme="genericidp" />
126-->[:contacts_service] AndroidManifest.xml:22:17-41
127            </intent-filter>
128        </activity>
129        <activity
129-->[com.google.firebase:firebase-auth:21.0.3] AndroidManifest.xml:45:9-62:20
130            android:name="com.google.firebase.auth.internal.RecaptchaActivity"
130-->[com.google.firebase:firebase-auth:21.0.3] AndroidManifest.xml:46:13-79
131            android:excludeFromRecents="true"
131-->[com.google.firebase:firebase-auth:21.0.3] AndroidManifest.xml:47:13-46
132            android:exported="true"
132-->[com.google.firebase:firebase-auth:21.0.3] AndroidManifest.xml:48:13-36
133            android:launchMode="singleTask"
133-->[com.google.firebase:firebase-auth:21.0.3] AndroidManifest.xml:49:13-44
134            android:theme="@android:style/Theme.Translucent.NoTitleBar" >
134-->[com.google.firebase:firebase-auth:21.0.3] AndroidManifest.xml:50:13-72
135            <intent-filter>
135-->[com.google.firebase:firebase-auth:21.0.3] AndroidManifest.xml:51:13-61:29
136                <action android:name="android.intent.action.VIEW" />
136-->[:contacts_service] AndroidManifest.xml:17:13-65
136-->[:contacts_service] AndroidManifest.xml:17:21-62
137
138                <category android:name="android.intent.category.DEFAULT" />
138-->[com.google.firebase:firebase-auth:21.0.3] AndroidManifest.xml:36:17-76
138-->[com.google.firebase:firebase-auth:21.0.3] AndroidManifest.xml:36:27-73
139                <category android:name="android.intent.category.BROWSABLE" />
139-->[com.google.firebase:firebase-auth:21.0.3] AndroidManifest.xml:37:17-78
139-->[com.google.firebase:firebase-auth:21.0.3] AndroidManifest.xml:37:27-75
140
141                <data
141-->[:contacts_service] AndroidManifest.xml:19:13-22:44
142                    android:host="firebase.auth"
142-->[:contacts_service] AndroidManifest.xml:20:17-52
143                    android:path="/"
144                    android:scheme="recaptcha" />
144-->[:contacts_service] AndroidManifest.xml:22:17-41
145            </intent-filter>
146        </activity>
147
148        <provider
148-->[com.google.firebase:firebase-common:20.1.0] AndroidManifest.xml:26:9-31:39
149            android:name="com.google.firebase.provider.FirebaseInitProvider"
149-->[com.google.firebase:firebase-common:20.1.0] AndroidManifest.xml:27:13-77
150            android:authorities="com.on.entreprise.on_mobile.firebaseinitprovider"
150-->[com.google.firebase:firebase-common:20.1.0] AndroidManifest.xml:28:13-72
151            android:directBootAware="true"
151-->[com.google.firebase:firebase-common:20.1.0] AndroidManifest.xml:29:13-43
152            android:exported="false"
152-->[com.google.firebase:firebase-common:20.1.0] AndroidManifest.xml:30:13-37
153            android:initOrder="100" />
153-->[com.google.firebase:firebase-common:20.1.0] AndroidManifest.xml:31:13-36
154
155        <activity
155-->[com.google.android.gms:play-services-base:18.0.1] AndroidManifest.xml:20:9-22:45
156            android:name="com.google.android.gms.common.api.GoogleApiActivity"
156-->[com.google.android.gms:play-services-base:18.0.1] AndroidManifest.xml:20:19-85
157            android:exported="false"
157-->[com.google.android.gms:play-services-base:18.0.1] AndroidManifest.xml:22:19-43
158            android:theme="@android:style/Theme.Translucent.NoTitleBar" />
158-->[com.google.android.gms:play-services-base:18.0.1] AndroidManifest.xml:21:19-78
159
160        <meta-data
160-->[com.google.android.gms:play-services-basement:18.0.0] AndroidManifest.xml:21:9-23:69
161            android:name="com.google.android.gms.version"
161-->[com.google.android.gms:play-services-basement:18.0.0] AndroidManifest.xml:22:13-58
162            android:value="@integer/google_play_services_version" />
162-->[com.google.android.gms:play-services-basement:18.0.0] AndroidManifest.xml:23:13-66
163    </application>
164
165</manifest>